<?xml version="1.0" encoding="UTF-8"?>
<testng-results skipped="0" failed="0" ignored="0" total="2" passed="2">
  <reporter-output>
  </reporter-output>
  <suite name="Default suite" duration-ms="20931" started-at="2021-03-22T08:13:59Z" finished-at="2021-03-22T08:14:20Z">
    <groups>
    </groups>
    <test name="Default test" duration-ms="20931" started-at="2021-03-22T08:13:59Z" finished-at="2021-03-22T08:14:20Z">
      <class name="Testcases.LoginPageTest">
        <test-method status="PASS" signature="setup()[pri:0, instance:Testcases.LoginPageTest@54c562f7]" name="setup" is-config="true" duration-ms="3329" started-at="2021-03-22T08:13:59Z" finished-at="2021-03-22T08:14:03Z">
          <reporter-output>
          </reporter-output>
        </test-method> <!-- setup -->
        <test-method status="PASS" signature="LoginTest()[pri:1, instance:Testcases.LoginPageTest@54c562f7]" name="LoginTest" duration-ms="6938" started-at="2021-03-22T08:14:03Z" finished-at="2021-03-22T08:14:09Z">
          <reporter-output>
          </reporter-output>
        </test-method> <!-- LoginTest -->
        <test-method status="PASS" signature="tearDown()[pri:0, instance:Testcases.LoginPageTest@54c562f7]" name="tearDown" is-config="true" duration-ms="739" started-at="2021-03-22T08:14:09Z" finished-at="2021-03-22T08:14:10Z">
          <reporter-output>
          </reporter-output>
        </test-method> <!-- tearDown -->
        <test-method status="PASS" signature="setup()[pri:0, instance:Testcases.LoginPageTest@54c562f7]" name="setup" is-config="true" duration-ms="3076" started-at="2021-03-22T08:14:10Z" finished-at="2021-03-22T08:14:13Z">
          <reporter-output>
          </reporter-output>
        </test-method> <!-- setup -->
        <test-method status="PASS" signature="LoginTestTitleTest()[pri:1, instance:Testcases.LoginPageTest@54c562f7]" name="LoginTestTitleTest" duration-ms="6125" started-at="2021-03-22T08:14:13Z" finished-at="2021-03-22T08:14:19Z">
          <reporter-output>
          </reporter-output>
        </test-method> <!-- LoginTestTitleTest -->
        <test-method status="PASS" signature="tearDown()[pri:0, instance:Testcases.LoginPageTest@54c562f7]" name="tearDown" is-config="true" duration-ms="692" started-at="2021-03-22T08:14:19Z" finished-at="2021-03-22T08:14:20Z">
          <reporter-output>
          </reporter-output>
        </test-method> <!-- tearDown -->
      </class> <!-- Testcases.LoginPageTest -->
    </test> <!-- Default test -->
  </suite> <!-- Default suite -->
</testng-results>
